
> cabala-website@0.1.0 dev
> next dev

   ▲ Next.js 15.3.5
   - Local:        http://localhost:3000
   - Network:      http://192.168.100.194:3000
   - Environments: .env.local, .env

 ✓ Starting...
 ✓ Ready in 7.5s
 ○ Compiling /login ...
 ✓ Compiled /login in 11.1s (818 modules)
 ⚠ metadataBase property in metadata export is not set for resolving social open graph or twitter images, using "http://localhost:3000". See https://nextjs.org/docs/app/api-reference/functions/generate-metadata#metadatabase
 ✓ Compiled in 1320ms (360 modules)
 GET /login 200 in 12657ms
 ○ Compiling /favicon.ico ...
 ✓ Compiled /favicon.ico in 971ms (474 modules)
 GET /favicon.ico 200 in 1274ms
 ○ Compiling /api/auth/login ...
 ✓ Compiled /api/auth/login in 2.8s (907 modules)
 POST /api/auth/login 200 in 4584ms
 ○ Compiling /admin ...
 ✓ Compiled /admin in 4s (1081 modules)
 ⚠ metadataBase property in metadata export is not set for resolving social open graph or twitter images, using "http://localhost:3000". See https://nextjs.org/docs/app/api-reference/functions/generate-metadata#metadatabase
 GET /admin 200 in 4794ms
 GET /admin 200 in 546ms
 GET /favicon.ico 200 in 674ms
   Reload env: .env.local
 ✓ Compiled in 1197ms (982 modules)
 ⚠ metadataBase property in metadata export is not set for resolving social open graph or twitter images, using "http://localhost:3000". See https://nextjs.org/docs/app/api-reference/functions/generate-metadata#metadatabase
 GET /admin 200 in 728ms
 ○ Compiling /favicon.ico ...
 ✓ Compiled /favicon.ico in 1057ms (564 modules)
 GET /favicon.ico 200 in 1297ms
 GET /favicon.ico 200 in 29ms
 ⚠ metadataBase property in metadata export is not set for resolving social open graph or twitter images, using "http://localhost:3000". See https://nextjs.org/docs/app/api-reference/functions/generate-metadata#metadatabase
 GET /admin 200 in 616ms
 GET /favicon.ico 200 in 706ms
 ✓ Compiled in 4.3s (982 modules)
 ⚠ Fast Refresh had to perform a full reload due to a runtime error.
 ⚠ metadataBase property in metadata export is not set for resolving social open graph or twitter images, using "http://localhost:3000". See https://nextjs.org/docs/app/api-reference/functions/generate-metadata#metadatabase
 GET /admin 200 in 2403ms
 ○ Compiling /favicon.ico ...
 ✓ Compiled /favicon.ico in 2.5s (998 modules)
 GET /favicon.ico 200 in 3332ms
 ⚠ metadataBase property in metadata export is not set for resolving social open graph or twitter images, using "http://localhost:3000". See https://nextjs.org/docs/app/api-reference/functions/generate-metadata#metadatabase
 GET /login?redirect=/admin 200 in 3654ms
 ✓ Compiled in 2.2s (998 modules)
 ○ Compiling /api/auth/login ...
 ✓ Compiled /api/auth/login in 2.9s (647 modules)
 ⚠ metadataBase property in metadata export is not set for resolving social open graph or twitter images, using "http://localhost:3000". See https://nextjs.org/docs/app/api-reference/functions/generate-metadata#metadatabase
 GET /login?redirect=%2Fadmin 200 in 342ms
 POST /api/auth/login 200 in 4751ms
 GET /admin 200 in 1090ms
 GET /login?redirect=/admin 200 in 525ms
 POST /api/auth/login 200 in 1043ms
 GET /admin 200 in 425ms
 GET /login?redirect=/admin 200 in 159ms
 ✓ Compiled in 3.1s (982 modules)
 ✓ Compiled in 592ms (982 modules)
 ✓ Compiled in 1058ms (982 modules)
 ✓ Compiled in 3.9s (997 modules)
 ⚠ metadataBase property in metadata export is not set for resolving social open graph or twitter images, using "http://localhost:3000". See https://nextjs.org/docs/app/api-reference/functions/generate-metadata#metadatabase
 GET /login?redirect=%2Fadmin 200 in 656ms
 ○ Compiling /api/auth/login ...
 ✓ Compiled /api/auth/login in 3.1s (645 modules)
 ⚠ metadataBase property in metadata export is not set for resolving social open graph or twitter images, using "http://localhost:3000". See https://nextjs.org/docs/app/api-reference/functions/generate-metadata#metadatabase
 GET /login?redirect=%2Fadmin 200 in 503ms
🔍 getJWTSecret: JWT_SECRET available: Yes
 POST /api/auth/login 200 in 4862ms
 GET /admin 200 in 485ms
 GET /login?redirect=/admin 200 in 503ms
 ○ Compiling /_not-found ...
 ✓ Compiled /_not-found in 1902ms (1083 modules)
 ⚠ metadataBase property in metadata export is not set for resolving social open graph or twitter images, using "http://localhost:3000". See https://nextjs.org/docs/app/api-reference/functions/generate-metadata#metadatabase
 GET /.well-known/appspecific/com.chrome.devtools.json 404 in 2446ms
🔍 getJWTSecret: JWT_SECRET available: Yes
 POST /api/auth/login 200 in 1941ms
 GET /admin 200 in 1039ms
 GET /.well-known/appspecific/com.chrome.devtools.json 404 in 226ms
 GET /login?redirect=/admin 200 in 207ms
 GET /.well-known/appspecific/com.chrome.devtools.json 404 in 161ms
 ✓ Compiled in 2.4s (1001 modules)
 ⚠ metadataBase property in metadata export is not set for resolving social open graph or twitter images, using "http://localhost:3000". See https://nextjs.org/docs/app/api-reference/functions/generate-metadata#metadatabase
 GET /login?redirect=%2Fadmin 200 in 250ms
 ✓ Compiled in 4s (997 modules)
 ⚠ metadataBase property in metadata export is not set for resolving social open graph or twitter images, using "http://localhost:3000". See https://nextjs.org/docs/app/api-reference/functions/generate-metadata#metadatabase
 GET /login?redirect=%2Fadmin 200 in 2896ms
 GET /login?redirect=%2Fadmin 200 in 584ms
 ○ Compiling /api/auth/login ...
 ✓ Compiled /api/auth/login in 1267ms (645 modules)
 ⚠ metadataBase property in metadata export is not set for resolving social open graph or twitter images, using "http://localhost:3000". See https://nextjs.org/docs/app/api-reference/functions/generate-metadata#metadatabase
 GET /login?redirect=%2Fadmin 200 in 540ms
🔍 Login API: Generating token for user: {
  userId: 'g0i14gesvhu',
  email: 'admin@cabala.edu.vn',
  name: 'Admin Cabala',
  role: 'ADMIN'
}
🔍 getJWTSecret: JWT_SECRET available: Yes
🔍 Login API: Token generated successfully
 POST /api/auth/login 200 in 3136ms
 GET /admin 200 in 971ms
 ○ Compiling /_not-found ...
 ✓ Compiled /_not-found in 1730ms (1083 modules)
 ⚠ metadataBase property in metadata export is not set for resolving social open graph or twitter images, using "http://localhost:3000". See https://nextjs.org/docs/app/api-reference/functions/generate-metadata#metadatabase
 GET /.well-known/appspecific/com.chrome.devtools.json 404 in 1962ms
 GET /login?redirect=/admin 200 in 463ms
 GET /.well-known/appspecific/com.chrome.devtools.json 404 in 308ms
🔍 Login API: Generating token for user: {
  userId: 'g0i14gesvhu',
  email: 'admin@cabala.edu.vn',
  name: 'Admin Cabala',
  role: 'ADMIN'
}
🔍 getJWTSecret: JWT_SECRET available: Yes
🔍 Login API: Token generated successfully
 POST /api/auth/login 200 in 1356ms
 GET /.well-known/appspecific/com.chrome.devtools.json 404 in 285ms
 GET /admin 200 in 706ms
 GET /login?redirect=/admin 200 in 224ms
 GET /.well-known/appspecific/com.chrome.devtools.json 404 in 335ms
 GET /.well-known/appspecific/com.chrome.devtools.json 404 in 367ms
 GET /login?redirect=/admin 200 in 722ms
 ✓ Compiled in 3.6s (982 modules)
 ✓ Compiled in 758ms (982 modules)
 ✓ Compiled in 910ms (982 modules)
 ✓ Compiled in 2.2s (982 modules)
 ✓ Compiled in 560ms (982 modules)
 ✓ Compiled in 2.7s (997 modules)
 ⚠ metadataBase property in metadata export is not set for resolving social open graph or twitter images, using "http://localhost:3000". See https://nextjs.org/docs/app/api-reference/functions/generate-metadata#metadatabase
 GET /login?redirect=%2Fadmin 200 in 289ms
 GET /login?redirect=%2Fadmin 200 in 363ms
 ✓ Compiled in 1286ms (982 modules)
 ⚠ metadataBase property in metadata export is not set for resolving social open graph or twitter images, using "http://localhost:3000". See https://nextjs.org/docs/app/api-reference/functions/generate-metadata#metadatabase
 GET /login?redirect=%2Fadmin 200 in 380ms
 ✓ Compiled in 417ms (449 modules)
 GET /login?redirect=%2Fadmin 200 in 112ms
 ○ Compiling /api/auth/login ...
 ✓ Compiled /api/auth/login in 2.4s (645 modules)
 ⚠ metadataBase property in metadata export is not set for resolving social open graph or twitter images, using "http://localhost:3000". See https://nextjs.org/docs/app/api-reference/functions/generate-metadata#metadatabase
 GET /login?redirect=%2Fadmin 200 in 745ms
 POST /api/auth/login 200 in 4099ms
 ○ Compiling /_not-found ...
 GET /admin 200 in 1285ms
 ✓ Compiled /_not-found in 4.3s (1098 modules)
 ⚠ metadataBase property in metadata export is not set for resolving social open graph or twitter images, using "http://localhost:3000". See https://nextjs.org/docs/app/api-reference/functions/generate-metadata#metadatabase
 GET /.well-known/appspecific/com.chrome.devtools.json 404 in 4566ms
 GET /login?redirect=/admin 200 in 340ms
 GET /.well-known/appspecific/com.chrome.devtools.json 404 in 366ms
 ✓ Compiled /favicon.ico in 290ms (648 modules)
 GET /favicon.ico 200 in 405ms
 ✓ Compiled in 3.3s (1100 modules)
 ⚠ metadataBase property in metadata export is not set for resolving social open graph or twitter images, using "http://localhost:3000". See https://nextjs.org/docs/app/api-reference/functions/generate-metadata#metadatabase
 GET /login?redirect=%2Fadmin 200 in 2598ms
 GET /login?redirect=%2Fadmin 200 in 53ms
 GET /favicon.ico 200 in 55ms
 ✓ Compiled in 2.1s (1017 modules)
 ⚠ metadataBase property in metadata export is not set for resolving social open graph or twitter images, using "http://localhost:3000". See https://nextjs.org/docs/app/api-reference/functions/generate-metadata#metadatabase
 GET /login?redirect=%2Fadmin 200 in 1751ms
 GET /login?redirect=%2Fadmin 200 in 179ms
 GET /favicon.ico 200 in 22ms
   Reload env: .env
 ✓ Compiled in 2.7s (982 modules)
 ⚠ metadataBase property in metadata export is not set for resolving social open graph or twitter images, using "http://localhost:3000". See https://nextjs.org/docs/app/api-reference/functions/generate-metadata#metadatabase
 GET /login?redirect=%2Fadmin 200 in 346ms
 ✓ Compiled /favicon.ico in 299ms (564 modules)
 GET /favicon.ico 200 in 507ms
 ✓ Compiled in 629ms (449 modules)
 ⚠ metadataBase property in metadata export is not set for resolving social open graph or twitter images, using "http://localhost:3000". See https://nextjs.org/docs/app/api-reference/functions/generate-metadata#metadatabase
 GET /login?redirect=%2Fadmin 200 in 165ms
 GET /favicon.ico 200 in 15ms
 ✓ Compiled in 729ms (449 modules)
 GET /login?redirect=%2Fadmin 200 in 136ms
 GET /favicon.ico 200 in 14ms
 ✓ Compiled in 1553ms (449 modules)
 ○ Compiling /_not-found ...
 ✓ Compiled /_not-found in 1349ms (986 modules)
 ⚠ metadataBase property in metadata export is not set for resolving social open graph or twitter images, using "http://localhost:3000". See https://nextjs.org/docs/app/api-reference/functions/generate-metadata#metadatabase
 GET /login?redirect=%2Fadmin 404 in 1720ms
 GET /.well-known/appspecific/com.chrome.devtools.json 404 in 96ms
 GET /_next/static/css/app/layout.css?v=1752506135214 404 in 151ms
 GET /login?redirect=%2Fadmin 200 in 982ms
 GET /_next/static/chunks/app-pages-internals.js 404 in 579ms
 GET /_next/static/chunks/app/login/page.js 404 in 254ms
 ✓ Compiled in 1030ms (452 modules)
 ✓ Compiled in 379ms (452 modules)
 ✓ Compiled in 541ms (452 modules)
 ✓ Compiled in 2.5s (449 modules)
 ✓ Compiled in 1294ms (449 modules)
[?25h
